<?xml version="1.0" encoding="UTF-8"?>
<!-- Generated by org.testng.reporters.JUnitReportReporter -->
<testsuite hostname="Admin-PC" name="google.qa.Testcases.SearchPageTest" tests="9" failures="0" timestamp="5 Sep 2019 14:25:02 GMT" time="0.005" errors="9">
  <testcase name="Googleaapps" time="0.001" classname="google.qa.Testcases.SearchPageTest">
    <error type="org.openqa.selenium.WebDriverException" message="unknown error: DevToolsActivePort file doesn&#039;t exist
Build info: version: &#039;3.14.0&#039;, revision: &#039;aacccce0&#039;, time: &#039;2018-08-02T20:19:58.91Z&#039;
System info: host: &#039;ADMIN-PC&#039;, ip: &#039;192.168.43.220&#039;, os.name: &#039;Windows 7&#039;, os.arch: &#039;x86&#039;, os.version: &#039;6.1&#039;, java.version: &#039;1.8.0_161&#039;
Driver info: driver.version: ChromeDriver
remote stacktrace: Backtrace:
	Ordinal0 [0x010F7C93+1473683]
	Ordinal0 [0x0107ADB1+961969]
	Ordinal0 [0x010042E3+475875]
	Ordinal0 [0x00F9EA04+59908]
	Ordinal0 [0x00F9BBD7+48087]
	Ordinal0 [0x00FB9149+168265]
	Ordinal0 [0x00FB8D1D+167197]
	Ordinal0 [0x00FB742B+160811]
	Ordinal0 [0x00FA0AE6+68326]
	Ordinal0 [0x00FA1BF0+72688]
	Ordinal0 [0x00FA1B89+72585]
	Ordinal0 [0x01094B77+1067895]
	GetHandleVerifier [0x01196875+506677]
	GetHandleVerifier [0x01196610+506064]
	GetHandleVerifier [0x0119D1B8+533624]
	GetHandleVerifier [0x0119704A+508682]
	Ordinal0 [0x0108C266+1032806]
	Ordinal0 [0x0108C0DF+1032415]
	Ordinal0 [0x01096A8B+1075851]
	Ordinal0 [0x01096BF3+1076211]
	Ordinal0 [0x01095BA5+1072037]
	BaseThreadInitThunk [0x76E01174+18]
	RtlInitializeExceptionChain [0x77BCB3F5+99]
	RtlInitializeExceptionChain [0x77BCB3C8+54]
">
      <![CDATA[org.openqa.selenium.WebDriverException: unknown error: DevToolsActivePort file doesn't exist
Build info: version: '3.14.0', revision: 'aacccce0', time: '2018-08-02T20:19:58.91Z'
System info: host: 'ADMIN-PC', ip: '192.168.43.220', os.name: 'Windows 7', os.arch: 'x86', os.version: '6.1', java.version: '1.8.0_161'
Driver info: driver.version: ChromeDriver
remote stacktrace: Backtrace:
	Ordinal0 [0x010F7C93+1473683]
	Ordinal0 [0x0107ADB1+961969]
	Ordinal0 [0x010042E3+475875]
	Ordinal0 [0x00F9EA04+59908]
	Ordinal0 [0x00F9BBD7+48087]
	Ordinal0 [0x00FB9149+168265]
	Ordinal0 [0x00FB8D1D+167197]
	Ordinal0 [0x00FB742B+160811]
	Ordinal0 [0x00FA0AE6+68326]
	Ordinal0 [0x00FA1BF0+72688]
	Ordinal0 [0x00FA1B89+72585]
	Ordinal0 [0x01094B77+1067895]
	GetHandleVerifier [0x01196875+506677]
	GetHandleVerifier [0x01196610+506064]
	GetHandleVerifier [0x0119D1B8+533624]
	GetHandleVerifier [0x0119704A+508682]
	Ordinal0 [0x0108C266+1032806]
	Ordinal0 [0x0108C0DF+1032415]
	Ordinal0 [0x01096A8B+1075851]
	Ordinal0 [0x01096BF3+1076211]
	Ordinal0 [0x01095BA5+1072037]
	BaseThreadInitThunk [0x76E01174+18]
	RtlInitializeExceptionChain [0x77BCB3F5+99]
	RtlInitializeExceptionChain [0x77BCB3C8+54]

	at sun.reflect.NativeConstructorAccessorImpl.newInstance0(Native Method)
	at sun.reflect.NativeConstructorAccessorImpl.newInstance(Unknown Source)
	at sun.reflect.DelegatingConstructorAccessorImpl.newInstance(Unknown Source)
	at java.lang.reflect.Constructor.newInstance(Unknown Source)
	at org.openqa.selenium.remote.W3CHandshakeResponse.lambda$new$0(W3CHandshakeResponse.java:57)
	at org.openqa.selenium.remote.W3CHandshakeResponse.lambda$getResponseFunction$2(W3CHandshakeResponse.java:104)
	at org.openqa.selenium.remote.ProtocolHandshake.lambda$createSession$0(ProtocolHandshake.java:122)
	at java.util.stream.ReferencePipeline$3$1.accept(Unknown Source)
	at java.util.Spliterators$ArraySpliterator.tryAdvance(Unknown Source)
	at java.util.stream.ReferencePipeline.forEachWithCancel(Unknown Source)
	at java.util.stream.AbstractPipeline.copyIntoWithCancel(Unknown Source)
	at java.util.stream.AbstractPipeline.copyInto(Unknown Source)
	at java.util.stream.AbstractPipeline.wrapAndCopyInto(Unknown Source)
	at java.util.stream.FindOps$FindOp.evaluateSequential(Unknown Source)
	at java.util.stream.AbstractPipeline.evaluate(Unknown Source)
	at java.util.stream.ReferencePipeline.findFirst(Unknown Source)
	at org.openqa.selenium.remote.ProtocolHandshake.createSession(ProtocolHandshake.java:125)
	at org.openqa.selenium.remote.ProtocolHandshake.createSession(ProtocolHandshake.java:73)
	at org.openqa.selenium.remote.HttpCommandExecutor.execute(HttpCommandExecutor.java:136)
	at org.openqa.selenium.remote.service.DriverCommandExecutor.execute(DriverCommandExecutor.java:83)
	at org.openqa.selenium.remote.RemoteWebDriver.execute(RemoteWebDriver.java:548)
	at org.openqa.selenium.remote.RemoteWebDriver.startSession(RemoteWebDriver.java:212)
	at org.openqa.selenium.remote.RemoteWebDriver.<init>(RemoteWebDriver.java:130)
	at org.openqa.selenium.chrome.ChromeDriver.<init>(ChromeDriver.java:181)
	at org.openqa.selenium.chrome.ChromeDriver.<init>(ChromeDriver.java:168)
	at org.openqa.selenium.chrome.ChromeDriver.<init>(ChromeDriver.java:123)
	at google.qa.base.TestBase.initialization(TestBase.java:47)
	at google.qa.Testcases.SearchPageTest.setUp(SearchPageTest.java:22)
	at sun.reflect.NativeMethodAccessorImpl.invoke0(Native Method)
	at sun.reflect.NativeMethodAccessorImpl.invoke(Unknown Source)
	at sun.reflect.DelegatingMethodAccessorImpl.invoke(Unknown Source)
	at java.lang.reflect.Method.invoke(Unknown Source)
	at org.testng.internal.MethodInvocationHelper.invokeMethod(MethodInvocationHelper.java:86)
	at org.testng.internal.Invoker.invokeConfigurationMethod(Invoker.java:514)
	at org.testng.internal.Invoker.invokeConfigurations(Invoker.java:215)
	at org.testng.internal.Invoker.invokeMethod(Invoker.java:589)
	at org.testng.internal.Invoker.invokeTestMethod(Invoker.java:822)
	at org.testng.internal.Invoker.invokeTestMethods(Invoker.java:1130)
	at org.testng.internal.TestMethodWorker.invokeTestMethods(TestMethodWorker.java:129)
	at org.testng.internal.TestMethodWorker.run(TestMethodWorker.java:112)
	at org.testng.TestRunner.privateRun(TestRunner.java:782)
	at org.testng.TestRunner.run(TestRunner.java:632)
	at org.testng.SuiteRunner.runTest(SuiteRunner.java:366)
	at org.testng.SuiteRunner.runSequentially(SuiteRunner.java:361)
	at org.testng.SuiteRunner.privateRun(SuiteRunner.java:319)
	at org.testng.SuiteRunner.run(SuiteRunner.java:268)
	at org.testng.SuiteRunnerWorker.runSuite(SuiteRunnerWorker.java:52)
	at org.testng.SuiteRunnerWorker.run(SuiteRunnerWorker.java:86)
	at org.testng.TestNG.runSuitesSequentially(TestNG.java:1244)
	at org.testng.TestNG.runSuitesLocally(TestNG.java:1169)
	at org.testng.TestNG.run(TestNG.java:1064)
	at org.testng.remote.RemoteTestNG.run(RemoteTestNG.java:113)
	at org.testng.remote.RemoteTestNG.initAndRun(RemoteTestNG.java:206)
	at org.testng.remote.RemoteTestNG.main(RemoteTestNG.java:177)
]]>
    </error>
  </testcase> <!-- Googleaapps -->
  <testcase name="Googleautosearch" time="0.001" classname="google.qa.Testcases.SearchPageTest">
    <error type="org.openqa.selenium.WebDriverException" message="unknown error: DevToolsActivePort file doesn&#039;t exist
Build info: version: &#039;3.14.0&#039;, revision: &#039;aacccce0&#039;, time: &#039;2018-08-02T20:19:58.91Z&#039;
System info: host: &#039;ADMIN-PC&#039;, ip: &#039;192.168.43.220&#039;, os.name: &#039;Windows 7&#039;, os.arch: &#039;x86&#039;, os.version: &#039;6.1&#039;, java.version: &#039;1.8.0_161&#039;
Driver info: driver.version: ChromeDriver
remote stacktrace: Backtrace:
	Ordinal0 [0x010F7C93+1473683]
	Ordinal0 [0x0107ADB1+961969]
	Ordinal0 [0x010042E3+475875]
	Ordinal0 [0x00F9EA04+59908]
	Ordinal0 [0x00F9BBD7+48087]
	Ordinal0 [0x00FB9149+168265]
	Ordinal0 [0x00FB8D1D+167197]
	Ordinal0 [0x00FB742B+160811]
	Ordinal0 [0x00FA0AE6+68326]
	Ordinal0 [0x00FA1BF0+72688]
	Ordinal0 [0x00FA1B89+72585]
	Ordinal0 [0x01094B77+1067895]
	GetHandleVerifier [0x01196875+506677]
	GetHandleVerifier [0x01196610+506064]
	GetHandleVerifier [0x0119D1B8+533624]
	GetHandleVerifier [0x0119704A+508682]
	Ordinal0 [0x0108C266+1032806]
	Ordinal0 [0x0108C0DF+1032415]
	Ordinal0 [0x01096A8B+1075851]
	Ordinal0 [0x01096BF3+1076211]
	Ordinal0 [0x01095BA5+1072037]
	BaseThreadInitThunk [0x76E01174+18]
	RtlInitializeExceptionChain [0x77BCB3F5+99]
	RtlInitializeExceptionChain [0x77BCB3C8+54]
">
      <![CDATA[org.openqa.selenium.WebDriverException: unknown error: DevToolsActivePort file doesn't exist
Build info: version: '3.14.0', revision: 'aacccce0', time: '2018-08-02T20:19:58.91Z'
System info: host: 'ADMIN-PC', ip: '192.168.43.220', os.name: 'Windows 7', os.arch: 'x86', os.version: '6.1', java.version: '1.8.0_161'
Driver info: driver.version: ChromeDriver
remote stacktrace: Backtrace:
	Ordinal0 [0x010F7C93+1473683]
	Ordinal0 [0x0107ADB1+961969]
	Ordinal0 [0x010042E3+475875]
	Ordinal0 [0x00F9EA04+59908]
	Ordinal0 [0x00F9BBD7+48087]
	Ordinal0 [0x00FB9149+168265]
	Ordinal0 [0x00FB8D1D+167197]
	Ordinal0 [0x00FB742B+160811]
	Ordinal0 [0x00FA0AE6+68326]
	Ordinal0 [0x00FA1BF0+72688]
	Ordinal0 [0x00FA1B89+72585]
	Ordinal0 [0x01094B77+1067895]
	GetHandleVerifier [0x01196875+506677]
	GetHandleVerifier [0x01196610+506064]
	GetHandleVerifier [0x0119D1B8+533624]
	GetHandleVerifier [0x0119704A+508682]
	Ordinal0 [0x0108C266+1032806]
	Ordinal0 [0x0108C0DF+1032415]
	Ordinal0 [0x01096A8B+1075851]
	Ordinal0 [0x01096BF3+1076211]
	Ordinal0 [0x01095BA5+1072037]
	BaseThreadInitThunk [0x76E01174+18]
	RtlInitializeExceptionChain [0x77BCB3F5+99]
	RtlInitializeExceptionChain [0x77BCB3C8+54]

	at sun.reflect.NativeConstructorAccessorImpl.newInstance0(Native Method)
	at sun.reflect.NativeConstructorAccessorImpl.newInstance(Unknown Source)
	at sun.reflect.DelegatingConstructorAccessorImpl.newInstance(Unknown Source)
	at java.lang.reflect.Constructor.newInstance(Unknown Source)
	at org.openqa.selenium.remote.W3CHandshakeResponse.lambda$new$0(W3CHandshakeResponse.java:57)
	at org.openqa.selenium.remote.W3CHandshakeResponse.lambda$getResponseFunction$2(W3CHandshakeResponse.java:104)
	at org.openqa.selenium.remote.ProtocolHandshake.lambda$createSession$0(ProtocolHandshake.java:122)
	at java.util.stream.ReferencePipeline$3$1.accept(Unknown Source)
	at java.util.Spliterators$ArraySpliterator.tryAdvance(Unknown Source)
	at java.util.stream.ReferencePipeline.forEachWithCancel(Unknown Source)
	at java.util.stream.AbstractPipeline.copyIntoWithCancel(Unknown Source)
	at java.util.stream.AbstractPipeline.copyInto(Unknown Source)
	at java.util.stream.AbstractPipeline.wrapAndCopyInto(Unknown Source)
	at java.util.stream.FindOps$FindOp.evaluateSequential(Unknown Source)
	at java.util.stream.AbstractPipeline.evaluate(Unknown Source)
	at java.util.stream.ReferencePipeline.findFirst(Unknown Source)
	at org.openqa.selenium.remote.ProtocolHandshake.createSession(ProtocolHandshake.java:125)
	at org.openqa.selenium.remote.ProtocolHandshake.createSession(ProtocolHandshake.java:73)
	at org.openqa.selenium.remote.HttpCommandExecutor.execute(HttpCommandExecutor.java:136)
	at org.openqa.selenium.remote.service.DriverCommandExecutor.execute(DriverCommandExecutor.java:83)
	at org.openqa.selenium.remote.RemoteWebDriver.execute(RemoteWebDriver.java:548)
	at org.openqa.selenium.remote.RemoteWebDriver.startSession(RemoteWebDriver.java:212)
	at org.openqa.selenium.remote.RemoteWebDriver.<init>(RemoteWebDriver.java:130)
	at org.openqa.selenium.chrome.ChromeDriver.<init>(ChromeDriver.java:181)
	at org.openqa.selenium.chrome.ChromeDriver.<init>(ChromeDriver.java:168)
	at org.openqa.selenium.chrome.ChromeDriver.<init>(ChromeDriver.java:123)
	at google.qa.base.TestBase.initialization(TestBase.java:47)
	at google.qa.Testcases.SearchPageTest.setUp(SearchPageTest.java:22)
	at sun.reflect.NativeMethodAccessorImpl.invoke0(Native Method)
	at sun.reflect.NativeMethodAccessorImpl.invoke(Unknown Source)
	at sun.reflect.DelegatingMethodAccessorImpl.invoke(Unknown Source)
	at java.lang.reflect.Method.invoke(Unknown Source)
	at org.testng.internal.MethodInvocationHelper.invokeMethod(MethodInvocationHelper.java:86)
	at org.testng.internal.Invoker.invokeConfigurationMethod(Invoker.java:514)
	at org.testng.internal.Invoker.invokeConfigurations(Invoker.java:215)
	at org.testng.internal.Invoker.invokeMethod(Invoker.java:589)
	at org.testng.internal.Invoker.invokeTestMethod(Invoker.java:822)
	at org.testng.internal.Invoker.invokeTestMethods(Invoker.java:1130)
	at org.testng.internal.TestMethodWorker.invokeTestMethods(TestMethodWorker.java:129)
	at org.testng.internal.TestMethodWorker.run(TestMethodWorker.java:112)
	at org.testng.TestRunner.privateRun(TestRunner.java:782)
	at org.testng.TestRunner.run(TestRunner.java:632)
	at org.testng.SuiteRunner.runTest(SuiteRunner.java:366)
	at org.testng.SuiteRunner.runSequentially(SuiteRunner.java:361)
	at org.testng.SuiteRunner.privateRun(SuiteRunner.java:319)
	at org.testng.SuiteRunner.run(SuiteRunner.java:268)
	at org.testng.SuiteRunnerWorker.runSuite(SuiteRunnerWorker.java:52)
	at org.testng.SuiteRunnerWorker.run(SuiteRunnerWorker.java:86)
	at org.testng.TestNG.runSuitesSequentially(TestNG.java:1244)
	at org.testng.TestNG.runSuitesLocally(TestNG.java:1169)
	at org.testng.TestNG.run(TestNG.java:1064)
	at org.testng.remote.RemoteTestNG.run(RemoteTestNG.java:113)
	at org.testng.remote.RemoteTestNG.initAndRun(RemoteTestNG.java:206)
	at org.testng.remote.RemoteTestNG.main(RemoteTestNG.java:177)
]]>
    </error>
  </testcase> <!-- Googleautosearch -->
  <testcase name="Googlesearchwithspecialchar" time="0.001" classname="google.qa.Testcases.SearchPageTest">
    <error type="org.openqa.selenium.WebDriverException" message="unknown error: DevToolsActivePort file doesn&#039;t exist
Build info: version: &#039;3.14.0&#039;, revision: &#039;aacccce0&#039;, time: &#039;2018-08-02T20:19:58.91Z&#039;
System info: host: &#039;ADMIN-PC&#039;, ip: &#039;192.168.43.220&#039;, os.name: &#039;Windows 7&#039;, os.arch: &#039;x86&#039;, os.version: &#039;6.1&#039;, java.version: &#039;1.8.0_161&#039;
Driver info: driver.version: ChromeDriver
remote stacktrace: Backtrace:
	Ordinal0 [0x010F7C93+1473683]
	Ordinal0 [0x0107ADB1+961969]
	Ordinal0 [0x010042E3+475875]
	Ordinal0 [0x00F9EA04+59908]
	Ordinal0 [0x00F9BBD7+48087]
	Ordinal0 [0x00FB9149+168265]
	Ordinal0 [0x00FB8D1D+167197]
	Ordinal0 [0x00FB742B+160811]
	Ordinal0 [0x00FA0AE6+68326]
	Ordinal0 [0x00FA1BF0+72688]
	Ordinal0 [0x00FA1B89+72585]
	Ordinal0 [0x01094B77+1067895]
	GetHandleVerifier [0x01196875+506677]
	GetHandleVerifier [0x01196610+506064]
	GetHandleVerifier [0x0119D1B8+533624]
	GetHandleVerifier [0x0119704A+508682]
	Ordinal0 [0x0108C266+1032806]
	Ordinal0 [0x0108C0DF+1032415]
	Ordinal0 [0x01096A8B+1075851]
	Ordinal0 [0x01096BF3+1076211]
	Ordinal0 [0x01095BA5+1072037]
	BaseThreadInitThunk [0x76E01174+18]
	RtlInitializeExceptionChain [0x77BCB3F5+99]
	RtlInitializeExceptionChain [0x77BCB3C8+54]
">
      <![CDATA[org.openqa.selenium.WebDriverException: unknown error: DevToolsActivePort file doesn't exist
Build info: version: '3.14.0', revision: 'aacccce0', time: '2018-08-02T20:19:58.91Z'
System info: host: 'ADMIN-PC', ip: '192.168.43.220', os.name: 'Windows 7', os.arch: 'x86', os.version: '6.1', java.version: '1.8.0_161'
Driver info: driver.version: ChromeDriver
remote stacktrace: Backtrace:
	Ordinal0 [0x010F7C93+1473683]
	Ordinal0 [0x0107ADB1+961969]
	Ordinal0 [0x010042E3+475875]
	Ordinal0 [0x00F9EA04+59908]
	Ordinal0 [0x00F9BBD7+48087]
	Ordinal0 [0x00FB9149+168265]
	Ordinal0 [0x00FB8D1D+167197]
	Ordinal0 [0x00FB742B+160811]
	Ordinal0 [0x00FA0AE6+68326]
	Ordinal0 [0x00FA1BF0+72688]
	Ordinal0 [0x00FA1B89+72585]
	Ordinal0 [0x01094B77+1067895]
	GetHandleVerifier [0x01196875+506677]
	GetHandleVerifier [0x01196610+506064]
	GetHandleVerifier [0x0119D1B8+533624]
	GetHandleVerifier [0x0119704A+508682]
	Ordinal0 [0x0108C266+1032806]
	Ordinal0 [0x0108C0DF+1032415]
	Ordinal0 [0x01096A8B+1075851]
	Ordinal0 [0x01096BF3+1076211]
	Ordinal0 [0x01095BA5+1072037]
	BaseThreadInitThunk [0x76E01174+18]
	RtlInitializeExceptionChain [0x77BCB3F5+99]
	RtlInitializeExceptionChain [0x77BCB3C8+54]

	at sun.reflect.NativeConstructorAccessorImpl.newInstance0(Native Method)
	at sun.reflect.NativeConstructorAccessorImpl.newInstance(Unknown Source)
	at sun.reflect.DelegatingConstructorAccessorImpl.newInstance(Unknown Source)
	at java.lang.reflect.Constructor.newInstance(Unknown Source)
	at org.openqa.selenium.remote.W3CHandshakeResponse.lambda$new$0(W3CHandshakeResponse.java:57)
	at org.openqa.selenium.remote.W3CHandshakeResponse.lambda$getResponseFunction$2(W3CHandshakeResponse.java:104)
	at org.openqa.selenium.remote.ProtocolHandshake.lambda$createSession$0(ProtocolHandshake.java:122)
	at java.util.stream.ReferencePipeline$3$1.accept(Unknown Source)
	at java.util.Spliterators$ArraySpliterator.tryAdvance(Unknown Source)
	at java.util.stream.ReferencePipeline.forEachWithCancel(Unknown Source)
	at java.util.stream.AbstractPipeline.copyIntoWithCancel(Unknown Source)
	at java.util.stream.AbstractPipeline.copyInto(Unknown Source)
	at java.util.stream.AbstractPipeline.wrapAndCopyInto(Unknown Source)
	at java.util.stream.FindOps$FindOp.evaluateSequential(Unknown Source)
	at java.util.stream.AbstractPipeline.evaluate(Unknown Source)
	at java.util.stream.ReferencePipeline.findFirst(Unknown Source)
	at org.openqa.selenium.remote.ProtocolHandshake.createSession(ProtocolHandshake.java:125)
	at org.openqa.selenium.remote.ProtocolHandshake.createSession(ProtocolHandshake.java:73)
	at org.openqa.selenium.remote.HttpCommandExecutor.execute(HttpCommandExecutor.java:136)
	at org.openqa.selenium.remote.service.DriverCommandExecutor.execute(DriverCommandExecutor.java:83)
	at org.openqa.selenium.remote.RemoteWebDriver.execute(RemoteWebDriver.java:548)
	at org.openqa.selenium.remote.RemoteWebDriver.startSession(RemoteWebDriver.java:212)
	at org.openqa.selenium.remote.RemoteWebDriver.<init>(RemoteWebDriver.java:130)
	at org.openqa.selenium.chrome.ChromeDriver.<init>(ChromeDriver.java:181)
	at org.openqa.selenium.chrome.ChromeDriver.<init>(ChromeDriver.java:168)
	at org.openqa.selenium.chrome.ChromeDriver.<init>(ChromeDriver.java:123)
	at google.qa.base.TestBase.initialization(TestBase.java:47)
	at google.qa.Testcases.SearchPageTest.setUp(SearchPageTest.java:22)
	at sun.reflect.NativeMethodAccessorImpl.invoke0(Native Method)
	at sun.reflect.NativeMethodAccessorImpl.invoke(Unknown Source)
	at sun.reflect.DelegatingMethodAccessorImpl.invoke(Unknown Source)
	at java.lang.reflect.Method.invoke(Unknown Source)
	at org.testng.internal.MethodInvocationHelper.invokeMethod(MethodInvocationHelper.java:86)
	at org.testng.internal.Invoker.invokeConfigurationMethod(Invoker.java:514)
	at org.testng.internal.Invoker.invokeConfigurations(Invoker.java:215)
	at org.testng.internal.Invoker.invokeMethod(Invoker.java:589)
	at org.testng.internal.Invoker.invokeTestMethod(Invoker.java:822)
	at org.testng.internal.Invoker.invokeTestMethods(Invoker.java:1130)
	at org.testng.internal.TestMethodWorker.invokeTestMethods(TestMethodWorker.java:129)
	at org.testng.internal.TestMethodWorker.run(TestMethodWorker.java:112)
	at org.testng.TestRunner.privateRun(TestRunner.java:782)
	at org.testng.TestRunner.run(TestRunner.java:632)
	at org.testng.SuiteRunner.runTest(SuiteRunner.java:366)
	at org.testng.SuiteRunner.runSequentially(SuiteRunner.java:361)
	at org.testng.SuiteRunner.privateRun(SuiteRunner.java:319)
	at org.testng.SuiteRunner.run(SuiteRunner.java:268)
	at org.testng.SuiteRunnerWorker.runSuite(SuiteRunnerWorker.java:52)
	at org.testng.SuiteRunnerWorker.run(SuiteRunnerWorker.java:86)
	at org.testng.TestNG.runSuitesSequentially(TestNG.java:1244)
	at org.testng.TestNG.runSuitesLocally(TestNG.java:1169)
	at org.testng.TestNG.run(TestNG.java:1064)
	at org.testng.remote.RemoteTestNG.run(RemoteTestNG.java:113)
	at org.testng.remote.RemoteTestNG.initAndRun(RemoteTestNG.java:206)
	at org.testng.remote.RemoteTestNG.main(RemoteTestNG.java:177)
]]>
    </error>
  </testcase> <!-- Googlesearchwithspecialchar -->
  <testcase name="Googlebtn" time="0.000" classname="google.qa.Testcases.SearchPageTest">
    <error type="org.openqa.selenium.WebDriverException" message="unknown error: DevToolsActivePort file doesn&#039;t exist
Build info: version: &#039;3.14.0&#039;, revision: &#039;aacccce0&#039;, time: &#039;2018-08-02T20:19:58.91Z&#039;
System info: host: &#039;ADMIN-PC&#039;, ip: &#039;192.168.43.220&#039;, os.name: &#039;Windows 7&#039;, os.arch: &#039;x86&#039;, os.version: &#039;6.1&#039;, java.version: &#039;1.8.0_161&#039;
Driver info: driver.version: ChromeDriver
remote stacktrace: Backtrace:
	Ordinal0 [0x010F7C93+1473683]
	Ordinal0 [0x0107ADB1+961969]
	Ordinal0 [0x010042E3+475875]
	Ordinal0 [0x00F9EA04+59908]
	Ordinal0 [0x00F9BBD7+48087]
	Ordinal0 [0x00FB9149+168265]
	Ordinal0 [0x00FB8D1D+167197]
	Ordinal0 [0x00FB742B+160811]
	Ordinal0 [0x00FA0AE6+68326]
	Ordinal0 [0x00FA1BF0+72688]
	Ordinal0 [0x00FA1B89+72585]
	Ordinal0 [0x01094B77+1067895]
	GetHandleVerifier [0x01196875+506677]
	GetHandleVerifier [0x01196610+506064]
	GetHandleVerifier [0x0119D1B8+533624]
	GetHandleVerifier [0x0119704A+508682]
	Ordinal0 [0x0108C266+1032806]
	Ordinal0 [0x0108C0DF+1032415]
	Ordinal0 [0x01096A8B+1075851]
	Ordinal0 [0x01096BF3+1076211]
	Ordinal0 [0x01095BA5+1072037]
	BaseThreadInitThunk [0x76E01174+18]
	RtlInitializeExceptionChain [0x77BCB3F5+99]
	RtlInitializeExceptionChain [0x77BCB3C8+54]
">
      <![CDATA[org.openqa.selenium.WebDriverException: unknown error: DevToolsActivePort file doesn't exist
Build info: version: '3.14.0', revision: 'aacccce0', time: '2018-08-02T20:19:58.91Z'
System info: host: 'ADMIN-PC', ip: '192.168.43.220', os.name: 'Windows 7', os.arch: 'x86', os.version: '6.1', java.version: '1.8.0_161'
Driver info: driver.version: ChromeDriver
remote stacktrace: Backtrace:
	Ordinal0 [0x010F7C93+1473683]
	Ordinal0 [0x0107ADB1+961969]
	Ordinal0 [0x010042E3+475875]
	Ordinal0 [0x00F9EA04+59908]
	Ordinal0 [0x00F9BBD7+48087]
	Ordinal0 [0x00FB9149+168265]
	Ordinal0 [0x00FB8D1D+167197]
	Ordinal0 [0x00FB742B+160811]
	Ordinal0 [0x00FA0AE6+68326]
	Ordinal0 [0x00FA1BF0+72688]
	Ordinal0 [0x00FA1B89+72585]
	Ordinal0 [0x01094B77+1067895]
	GetHandleVerifier [0x01196875+506677]
	GetHandleVerifier [0x01196610+506064]
	GetHandleVerifier [0x0119D1B8+533624]
	GetHandleVerifier [0x0119704A+508682]
	Ordinal0 [0x0108C266+1032806]
	Ordinal0 [0x0108C0DF+1032415]
	Ordinal0 [0x01096A8B+1075851]
	Ordinal0 [0x01096BF3+1076211]
	Ordinal0 [0x01095BA5+1072037]
	BaseThreadInitThunk [0x76E01174+18]
	RtlInitializeExceptionChain [0x77BCB3F5+99]
	RtlInitializeExceptionChain [0x77BCB3C8+54]

	at sun.reflect.NativeConstructorAccessorImpl.newInstance0(Native Method)
	at sun.reflect.NativeConstructorAccessorImpl.newInstance(Unknown Source)
	at sun.reflect.DelegatingConstructorAccessorImpl.newInstance(Unknown Source)
	at java.lang.reflect.Constructor.newInstance(Unknown Source)
	at org.openqa.selenium.remote.W3CHandshakeResponse.lambda$new$0(W3CHandshakeResponse.java:57)
	at org.openqa.selenium.remote.W3CHandshakeResponse.lambda$getResponseFunction$2(W3CHandshakeResponse.java:104)
	at org.openqa.selenium.remote.ProtocolHandshake.lambda$createSession$0(ProtocolHandshake.java:122)
	at java.util.stream.ReferencePipeline$3$1.accept(Unknown Source)
	at java.util.Spliterators$ArraySpliterator.tryAdvance(Unknown Source)
	at java.util.stream.ReferencePipeline.forEachWithCancel(Unknown Source)
	at java.util.stream.AbstractPipeline.copyIntoWithCancel(Unknown Source)
	at java.util.stream.AbstractPipeline.copyInto(Unknown Source)
	at java.util.stream.AbstractPipeline.wrapAndCopyInto(Unknown Source)
	at java.util.stream.FindOps$FindOp.evaluateSequential(Unknown Source)
	at java.util.stream.AbstractPipeline.evaluate(Unknown Source)
	at java.util.stream.ReferencePipeline.findFirst(Unknown Source)
	at org.openqa.selenium.remote.ProtocolHandshake.createSession(ProtocolHandshake.java:125)
	at org.openqa.selenium.remote.ProtocolHandshake.createSession(ProtocolHandshake.java:73)
	at org.openqa.selenium.remote.HttpCommandExecutor.execute(HttpCommandExecutor.java:136)
	at org.openqa.selenium.remote.service.DriverCommandExecutor.execute(DriverCommandExecutor.java:83)
	at org.openqa.selenium.remote.RemoteWebDriver.execute(RemoteWebDriver.java:548)
	at org.openqa.selenium.remote.RemoteWebDriver.startSession(RemoteWebDriver.java:212)
	at org.openqa.selenium.remote.RemoteWebDriver.<init>(RemoteWebDriver.java:130)
	at org.openqa.selenium.chrome.ChromeDriver.<init>(ChromeDriver.java:181)
	at org.openqa.selenium.chrome.ChromeDriver.<init>(ChromeDriver.java:168)
	at org.openqa.selenium.chrome.ChromeDriver.<init>(ChromeDriver.java:123)
	at google.qa.base.TestBase.initialization(TestBase.java:47)
	at google.qa.Testcases.SearchPageTest.setUp(SearchPageTest.java:22)
	at sun.reflect.NativeMethodAccessorImpl.invoke0(Native Method)
	at sun.reflect.NativeMethodAccessorImpl.invoke(Unknown Source)
	at sun.reflect.DelegatingMethodAccessorImpl.invoke(Unknown Source)
	at java.lang.reflect.Method.invoke(Unknown Source)
	at org.testng.internal.MethodInvocationHelper.invokeMethod(MethodInvocationHelper.java:86)
	at org.testng.internal.Invoker.invokeConfigurationMethod(Invoker.java:514)
	at org.testng.internal.Invoker.invokeConfigurations(Invoker.java:215)
	at org.testng.internal.Invoker.invokeMethod(Invoker.java:589)
	at org.testng.internal.Invoker.invokeTestMethod(Invoker.java:822)
	at org.testng.internal.Invoker.invokeTestMethods(Invoker.java:1130)
	at org.testng.internal.TestMethodWorker.invokeTestMethods(TestMethodWorker.java:129)
	at org.testng.internal.TestMethodWorker.run(TestMethodWorker.java:112)
	at org.testng.TestRunner.privateRun(TestRunner.java:782)
	at org.testng.TestRunner.run(TestRunner.java:632)
	at org.testng.SuiteRunner.runTest(SuiteRunner.java:366)
	at org.testng.SuiteRunner.runSequentially(SuiteRunner.java:361)
	at org.testng.SuiteRunner.privateRun(SuiteRunner.java:319)
	at org.testng.SuiteRunner.run(SuiteRunner.java:268)
	at org.testng.SuiteRunnerWorker.runSuite(SuiteRunnerWorker.java:52)
	at org.testng.SuiteRunnerWorker.run(SuiteRunnerWorker.java:86)
	at org.testng.TestNG.runSuitesSequentially(TestNG.java:1244)
	at org.testng.TestNG.runSuitesLocally(TestNG.java:1169)
	at org.testng.TestNG.run(TestNG.java:1064)
	at org.testng.remote.RemoteTestNG.run(RemoteTestNG.java:113)
	at org.testng.remote.RemoteTestNG.initAndRun(RemoteTestNG.java:206)
	at org.testng.remote.RemoteTestNG.main(RemoteTestNG.java:177)
]]>
    </error>
  </testcase> <!-- Googlebtn -->
  <testcase name="loginPageTitleTest" time="0.001" classname="google.qa.Testcases.SearchPageTest">
    <error type="org.openqa.selenium.WebDriverException" message="unknown error: DevToolsActivePort file doesn&#039;t exist
Build info: version: &#039;3.14.0&#039;, revision: &#039;aacccce0&#039;, time: &#039;2018-08-02T20:19:58.91Z&#039;
System info: host: &#039;ADMIN-PC&#039;, ip: &#039;192.168.43.220&#039;, os.name: &#039;Windows 7&#039;, os.arch: &#039;x86&#039;, os.version: &#039;6.1&#039;, java.version: &#039;1.8.0_161&#039;
Driver info: driver.version: ChromeDriver
remote stacktrace: Backtrace:
	Ordinal0 [0x010F7C93+1473683]
	Ordinal0 [0x0107ADB1+961969]
	Ordinal0 [0x010042E3+475875]
	Ordinal0 [0x00F9EA04+59908]
	Ordinal0 [0x00F9BBD7+48087]
	Ordinal0 [0x00FB9149+168265]
	Ordinal0 [0x00FB8D1D+167197]
	Ordinal0 [0x00FB742B+160811]
	Ordinal0 [0x00FA0AE6+68326]
	Ordinal0 [0x00FA1BF0+72688]
	Ordinal0 [0x00FA1B89+72585]
	Ordinal0 [0x01094B77+1067895]
	GetHandleVerifier [0x01196875+506677]
	GetHandleVerifier [0x01196610+506064]
	GetHandleVerifier [0x0119D1B8+533624]
	GetHandleVerifier [0x0119704A+508682]
	Ordinal0 [0x0108C266+1032806]
	Ordinal0 [0x0108C0DF+1032415]
	Ordinal0 [0x01096A8B+1075851]
	Ordinal0 [0x01096BF3+1076211]
	Ordinal0 [0x01095BA5+1072037]
	BaseThreadInitThunk [0x76E01174+18]
	RtlInitializeExceptionChain [0x77BCB3F5+99]
	RtlInitializeExceptionChain [0x77BCB3C8+54]
">
      <![CDATA[org.openqa.selenium.WebDriverException: unknown error: DevToolsActivePort file doesn't exist
Build info: version: '3.14.0', revision: 'aacccce0', time: '2018-08-02T20:19:58.91Z'
System info: host: 'ADMIN-PC', ip: '192.168.43.220', os.name: 'Windows 7', os.arch: 'x86', os.version: '6.1', java.version: '1.8.0_161'
Driver info: driver.version: ChromeDriver
remote stacktrace: Backtrace:
	Ordinal0 [0x010F7C93+1473683]
	Ordinal0 [0x0107ADB1+961969]
	Ordinal0 [0x010042E3+475875]
	Ordinal0 [0x00F9EA04+59908]
	Ordinal0 [0x00F9BBD7+48087]
	Ordinal0 [0x00FB9149+168265]
	Ordinal0 [0x00FB8D1D+167197]
	Ordinal0 [0x00FB742B+160811]
	Ordinal0 [0x00FA0AE6+68326]
	Ordinal0 [0x00FA1BF0+72688]
	Ordinal0 [0x00FA1B89+72585]
	Ordinal0 [0x01094B77+1067895]
	GetHandleVerifier [0x01196875+506677]
	GetHandleVerifier [0x01196610+506064]
	GetHandleVerifier [0x0119D1B8+533624]
	GetHandleVerifier [0x0119704A+508682]
	Ordinal0 [0x0108C266+1032806]
	Ordinal0 [0x0108C0DF+1032415]
	Ordinal0 [0x01096A8B+1075851]
	Ordinal0 [0x01096BF3+1076211]
	Ordinal0 [0x01095BA5+1072037]
	BaseThreadInitThunk [0x76E01174+18]
	RtlInitializeExceptionChain [0x77BCB3F5+99]
	RtlInitializeExceptionChain [0x77BCB3C8+54]

	at sun.reflect.NativeConstructorAccessorImpl.newInstance0(Native Method)
	at sun.reflect.NativeConstructorAccessorImpl.newInstance(Unknown Source)
	at sun.reflect.DelegatingConstructorAccessorImpl.newInstance(Unknown Source)
	at java.lang.reflect.Constructor.newInstance(Unknown Source)
	at org.openqa.selenium.remote.W3CHandshakeResponse.lambda$new$0(W3CHandshakeResponse.java:57)
	at org.openqa.selenium.remote.W3CHandshakeResponse.lambda$getResponseFunction$2(W3CHandshakeResponse.java:104)
	at org.openqa.selenium.remote.ProtocolHandshake.lambda$createSession$0(ProtocolHandshake.java:122)
	at java.util.stream.ReferencePipeline$3$1.accept(Unknown Source)
	at java.util.Spliterators$ArraySpliterator.tryAdvance(Unknown Source)
	at java.util.stream.ReferencePipeline.forEachWithCancel(Unknown Source)
	at java.util.stream.AbstractPipeline.copyIntoWithCancel(Unknown Source)
	at java.util.stream.AbstractPipeline.copyInto(Unknown Source)
	at java.util.stream.AbstractPipeline.wrapAndCopyInto(Unknown Source)
	at java.util.stream.FindOps$FindOp.evaluateSequential(Unknown Source)
	at java.util.stream.AbstractPipeline.evaluate(Unknown Source)
	at java.util.stream.ReferencePipeline.findFirst(Unknown Source)
	at org.openqa.selenium.remote.ProtocolHandshake.createSession(ProtocolHandshake.java:125)
	at org.openqa.selenium.remote.ProtocolHandshake.createSession(ProtocolHandshake.java:73)
	at org.openqa.selenium.remote.HttpCommandExecutor.execute(HttpCommandExecutor.java:136)
	at org.openqa.selenium.remote.service.DriverCommandExecutor.execute(DriverCommandExecutor.java:83)
	at org.openqa.selenium.remote.RemoteWebDriver.execute(RemoteWebDriver.java:548)
	at org.openqa.selenium.remote.RemoteWebDriver.startSession(RemoteWebDriver.java:212)
	at org.openqa.selenium.remote.RemoteWebDriver.<init>(RemoteWebDriver.java:130)
	at org.openqa.selenium.chrome.ChromeDriver.<init>(ChromeDriver.java:181)
	at org.openqa.selenium.chrome.ChromeDriver.<init>(ChromeDriver.java:168)
	at org.openqa.selenium.chrome.ChromeDriver.<init>(ChromeDriver.java:123)
	at google.qa.base.TestBase.initialization(TestBase.java:47)
	at google.qa.Testcases.SearchPageTest.setUp(SearchPageTest.java:22)
	at sun.reflect.NativeMethodAccessorImpl.invoke0(Native Method)
	at sun.reflect.NativeMethodAccessorImpl.invoke(Unknown Source)
	at sun.reflect.DelegatingMethodAccessorImpl.invoke(Unknown Source)
	at java.lang.reflect.Method.invoke(Unknown Source)
	at org.testng.internal.MethodInvocationHelper.invokeMethod(MethodInvocationHelper.java:86)
	at org.testng.internal.Invoker.invokeConfigurationMethod(Invoker.java:514)
	at org.testng.internal.Invoker.invokeConfigurations(Invoker.java:215)
	at org.testng.internal.Invoker.invokeMethod(Invoker.java:589)
	at org.testng.internal.Invoker.invokeTestMethod(Invoker.java:822)
	at org.testng.internal.Invoker.invokeTestMethods(Invoker.java:1130)
	at org.testng.internal.TestMethodWorker.invokeTestMethods(TestMethodWorker.java:129)
	at org.testng.internal.TestMethodWorker.run(TestMethodWorker.java:112)
	at org.testng.TestRunner.privateRun(TestRunner.java:782)
	at org.testng.TestRunner.run(TestRunner.java:632)
	at org.testng.SuiteRunner.runTest(SuiteRunner.java:366)
	at org.testng.SuiteRunner.runSequentially(SuiteRunner.java:361)
	at org.testng.SuiteRunner.privateRun(SuiteRunner.java:319)
	at org.testng.SuiteRunner.run(SuiteRunner.java:268)
	at org.testng.SuiteRunnerWorker.runSuite(SuiteRunnerWorker.java:52)
	at org.testng.SuiteRunnerWorker.run(SuiteRunnerWorker.java:86)
	at org.testng.TestNG.runSuitesSequentially(TestNG.java:1244)
	at org.testng.TestNG.runSuitesLocally(TestNG.java:1169)
	at org.testng.TestNG.run(TestNG.java:1064)
	at org.testng.remote.RemoteTestNG.run(RemoteTestNG.java:113)
	at org.testng.remote.RemoteTestNG.initAndRun(RemoteTestNG.java:206)
	at org.testng.remote.RemoteTestNG.main(RemoteTestNG.java:177)
]]>
    </error>
  </testcase> <!-- loginPageTitleTest -->
  <testcase name="GooglesearchtextTest" time="0.000" classname="google.qa.Testcases.SearchPageTest">
    <error type="org.openqa.selenium.WebDriverException" message="unknown error: DevToolsActivePort file doesn&#039;t exist
Build info: version: &#039;3.14.0&#039;, revision: &#039;aacccce0&#039;, time: &#039;2018-08-02T20:19:58.91Z&#039;
System info: host: &#039;ADMIN-PC&#039;, ip: &#039;192.168.43.220&#039;, os.name: &#039;Windows 7&#039;, os.arch: &#039;x86&#039;, os.version: &#039;6.1&#039;, java.version: &#039;1.8.0_161&#039;
Driver info: driver.version: ChromeDriver
remote stacktrace: Backtrace:
	Ordinal0 [0x010F7C93+1473683]
	Ordinal0 [0x0107ADB1+961969]
	Ordinal0 [0x010042E3+475875]
	Ordinal0 [0x00F9EA04+59908]
	Ordinal0 [0x00F9BBD7+48087]
	Ordinal0 [0x00FB9149+168265]
	Ordinal0 [0x00FB8D1D+167197]
	Ordinal0 [0x00FB742B+160811]
	Ordinal0 [0x00FA0AE6+68326]
	Ordinal0 [0x00FA1BF0+72688]
	Ordinal0 [0x00FA1B89+72585]
	Ordinal0 [0x01094B77+1067895]
	GetHandleVerifier [0x01196875+506677]
	GetHandleVerifier [0x01196610+506064]
	GetHandleVerifier [0x0119D1B8+533624]
	GetHandleVerifier [0x0119704A+508682]
	Ordinal0 [0x0108C266+1032806]
	Ordinal0 [0x0108C0DF+1032415]
	Ordinal0 [0x01096A8B+1075851]
	Ordinal0 [0x01096BF3+1076211]
	Ordinal0 [0x01095BA5+1072037]
	BaseThreadInitThunk [0x76E01174+18]
	RtlInitializeExceptionChain [0x77BCB3F5+99]
	RtlInitializeExceptionChain [0x77BCB3C8+54]
">
      <![CDATA[org.openqa.selenium.WebDriverException: unknown error: DevToolsActivePort file doesn't exist
Build info: version: '3.14.0', revision: 'aacccce0', time: '2018-08-02T20:19:58.91Z'
System info: host: 'ADMIN-PC', ip: '192.168.43.220', os.name: 'Windows 7', os.arch: 'x86', os.version: '6.1', java.version: '1.8.0_161'
Driver info: driver.version: ChromeDriver
remote stacktrace: Backtrace:
	Ordinal0 [0x010F7C93+1473683]
	Ordinal0 [0x0107ADB1+961969]
	Ordinal0 [0x010042E3+475875]
	Ordinal0 [0x00F9EA04+59908]
	Ordinal0 [0x00F9BBD7+48087]
	Ordinal0 [0x00FB9149+168265]
	Ordinal0 [0x00FB8D1D+167197]
	Ordinal0 [0x00FB742B+160811]
	Ordinal0 [0x00FA0AE6+68326]
	Ordinal0 [0x00FA1BF0+72688]
	Ordinal0 [0x00FA1B89+72585]
	Ordinal0 [0x01094B77+1067895]
	GetHandleVerifier [0x01196875+506677]
	GetHandleVerifier [0x01196610+506064]
	GetHandleVerifier [0x0119D1B8+533624]
	GetHandleVerifier [0x0119704A+508682]
	Ordinal0 [0x0108C266+1032806]
	Ordinal0 [0x0108C0DF+1032415]
	Ordinal0 [0x01096A8B+1075851]
	Ordinal0 [0x01096BF3+1076211]
	Ordinal0 [0x01095BA5+1072037]
	BaseThreadInitThunk [0x76E01174+18]
	RtlInitializeExceptionChain [0x77BCB3F5+99]
	RtlInitializeExceptionChain [0x77BCB3C8+54]

	at sun.reflect.NativeConstructorAccessorImpl.newInstance0(Native Method)
	at sun.reflect.NativeConstructorAccessorImpl.newInstance(Unknown Source)
	at sun.reflect.DelegatingConstructorAccessorImpl.newInstance(Unknown Source)
	at java.lang.reflect.Constructor.newInstance(Unknown Source)
	at org.openqa.selenium.remote.W3CHandshakeResponse.lambda$new$0(W3CHandshakeResponse.java:57)
	at org.openqa.selenium.remote.W3CHandshakeResponse.lambda$getResponseFunction$2(W3CHandshakeResponse.java:104)
	at org.openqa.selenium.remote.ProtocolHandshake.lambda$createSession$0(ProtocolHandshake.java:122)
	at java.util.stream.ReferencePipeline$3$1.accept(Unknown Source)
	at java.util.Spliterators$ArraySpliterator.tryAdvance(Unknown Source)
	at java.util.stream.ReferencePipeline.forEachWithCancel(Unknown Source)
	at java.util.stream.AbstractPipeline.copyIntoWithCancel(Unknown Source)
	at java.util.stream.AbstractPipeline.copyInto(Unknown Source)
	at java.util.stream.AbstractPipeline.wrapAndCopyInto(Unknown Source)
	at java.util.stream.FindOps$FindOp.evaluateSequential(Unknown Source)
	at java.util.stream.AbstractPipeline.evaluate(Unknown Source)
	at java.util.stream.ReferencePipeline.findFirst(Unknown Source)
	at org.openqa.selenium.remote.ProtocolHandshake.createSession(ProtocolHandshake.java:125)
	at org.openqa.selenium.remote.ProtocolHandshake.createSession(ProtocolHandshake.java:73)
	at org.openqa.selenium.remote.HttpCommandExecutor.execute(HttpCommandExecutor.java:136)
	at org.openqa.selenium.remote.service.DriverCommandExecutor.execute(DriverCommandExecutor.java:83)
	at org.openqa.selenium.remote.RemoteWebDriver.execute(RemoteWebDriver.java:548)
	at org.openqa.selenium.remote.RemoteWebDriver.startSession(RemoteWebDriver.java:212)
	at org.openqa.selenium.remote.RemoteWebDriver.<init>(RemoteWebDriver.java:130)
	at org.openqa.selenium.chrome.ChromeDriver.<init>(ChromeDriver.java:181)
	at org.openqa.selenium.chrome.ChromeDriver.<init>(ChromeDriver.java:168)
	at org.openqa.selenium.chrome.ChromeDriver.<init>(ChromeDriver.java:123)
	at google.qa.base.TestBase.initialization(TestBase.java:47)
	at google.qa.Testcases.SearchPageTest.setUp(SearchPageTest.java:22)
	at sun.reflect.NativeMethodAccessorImpl.invoke0(Native Method)
	at sun.reflect.NativeMethodAccessorImpl.invoke(Unknown Source)
	at sun.reflect.DelegatingMethodAccessorImpl.invoke(Unknown Source)
	at java.lang.reflect.Method.invoke(Unknown Source)
	at org.testng.internal.MethodInvocationHelper.invokeMethod(MethodInvocationHelper.java:86)
	at org.testng.internal.Invoker.invokeConfigurationMethod(Invoker.java:514)
	at org.testng.internal.Invoker.invokeConfigurations(Invoker.java:215)
	at org.testng.internal.Invoker.invokeMethod(Invoker.java:589)
	at org.testng.internal.Invoker.invokeTestMethod(Invoker.java:822)
	at org.testng.internal.Invoker.invokeTestMethods(Invoker.java:1130)
	at org.testng.internal.TestMethodWorker.invokeTestMethods(TestMethodWorker.java:129)
	at org.testng.internal.TestMethodWorker.run(TestMethodWorker.java:112)
	at org.testng.TestRunner.privateRun(TestRunner.java:782)
	at org.testng.TestRunner.run(TestRunner.java:632)
	at org.testng.SuiteRunner.runTest(SuiteRunner.java:366)
	at org.testng.SuiteRunner.runSequentially(SuiteRunner.java:361)
	at org.testng.SuiteRunner.privateRun(SuiteRunner.java:319)
	at org.testng.SuiteRunner.run(SuiteRunner.java:268)
	at org.testng.SuiteRunnerWorker.runSuite(SuiteRunnerWorker.java:52)
	at org.testng.SuiteRunnerWorker.run(SuiteRunnerWorker.java:86)
	at org.testng.TestNG.runSuitesSequentially(TestNG.java:1244)
	at org.testng.TestNG.runSuitesLocally(TestNG.java:1169)
	at org.testng.TestNG.run(TestNG.java:1064)
	at org.testng.remote.RemoteTestNG.run(RemoteTestNG.java:113)
	at org.testng.remote.RemoteTestNG.initAndRun(RemoteTestNG.java:206)
	at org.testng.remote.RemoteTestNG.main(RemoteTestNG.java:177)
]]>
    </error>
  </testcase> <!-- GooglesearchtextTest -->
  <testcase name="Googlesearchwithnovalue" time="0.000" classname="google.qa.Testcases.SearchPageTest">
    <error type="org.openqa.selenium.WebDriverException" message="unknown error: DevToolsActivePort file doesn&#039;t exist
Build info: version: &#039;3.14.0&#039;, revision: &#039;aacccce0&#039;, time: &#039;2018-08-02T20:19:58.91Z&#039;
System info: host: &#039;ADMIN-PC&#039;, ip: &#039;192.168.43.220&#039;, os.name: &#039;Windows 7&#039;, os.arch: &#039;x86&#039;, os.version: &#039;6.1&#039;, java.version: &#039;1.8.0_161&#039;
Driver info: driver.version: ChromeDriver
remote stacktrace: Backtrace:
	Ordinal0 [0x010F7C93+1473683]
	Ordinal0 [0x0107ADB1+961969]
	Ordinal0 [0x010042E3+475875]
	Ordinal0 [0x00F9EA04+59908]
	Ordinal0 [0x00F9BBD7+48087]
	Ordinal0 [0x00FB9149+168265]
	Ordinal0 [0x00FB8D1D+167197]
	Ordinal0 [0x00FB742B+160811]
	Ordinal0 [0x00FA0AE6+68326]
	Ordinal0 [0x00FA1BF0+72688]
	Ordinal0 [0x00FA1B89+72585]
	Ordinal0 [0x01094B77+1067895]
	GetHandleVerifier [0x01196875+506677]
	GetHandleVerifier [0x01196610+506064]
	GetHandleVerifier [0x0119D1B8+533624]
	GetHandleVerifier [0x0119704A+508682]
	Ordinal0 [0x0108C266+1032806]
	Ordinal0 [0x0108C0DF+1032415]
	Ordinal0 [0x01096A8B+1075851]
	Ordinal0 [0x01096BF3+1076211]
	Ordinal0 [0x01095BA5+1072037]
	BaseThreadInitThunk [0x76E01174+18]
	RtlInitializeExceptionChain [0x77BCB3F5+99]
	RtlInitializeExceptionChain [0x77BCB3C8+54]
">
      <![CDATA[org.openqa.selenium.WebDriverException: unknown error: DevToolsActivePort file doesn't exist
Build info: version: '3.14.0', revision: 'aacccce0', time: '2018-08-02T20:19:58.91Z'
System info: host: 'ADMIN-PC', ip: '192.168.43.220', os.name: 'Windows 7', os.arch: 'x86', os.version: '6.1', java.version: '1.8.0_161'
Driver info: driver.version: ChromeDriver
remote stacktrace: Backtrace:
	Ordinal0 [0x010F7C93+1473683]
	Ordinal0 [0x0107ADB1+961969]
	Ordinal0 [0x010042E3+475875]
	Ordinal0 [0x00F9EA04+59908]
	Ordinal0 [0x00F9BBD7+48087]
	Ordinal0 [0x00FB9149+168265]
	Ordinal0 [0x00FB8D1D+167197]
	Ordinal0 [0x00FB742B+160811]
	Ordinal0 [0x00FA0AE6+68326]
	Ordinal0 [0x00FA1BF0+72688]
	Ordinal0 [0x00FA1B89+72585]
	Ordinal0 [0x01094B77+1067895]
	GetHandleVerifier [0x01196875+506677]
	GetHandleVerifier [0x01196610+506064]
	GetHandleVerifier [0x0119D1B8+533624]
	GetHandleVerifier [0x0119704A+508682]
	Ordinal0 [0x0108C266+1032806]
	Ordinal0 [0x0108C0DF+1032415]
	Ordinal0 [0x01096A8B+1075851]
	Ordinal0 [0x01096BF3+1076211]
	Ordinal0 [0x01095BA5+1072037]
	BaseThreadInitThunk [0x76E01174+18]
	RtlInitializeExceptionChain [0x77BCB3F5+99]
	RtlInitializeExceptionChain [0x77BCB3C8+54]

	at sun.reflect.NativeConstructorAccessorImpl.newInstance0(Native Method)
	at sun.reflect.NativeConstructorAccessorImpl.newInstance(Unknown Source)
	at sun.reflect.DelegatingConstructorAccessorImpl.newInstance(Unknown Source)
	at java.lang.reflect.Constructor.newInstance(Unknown Source)
	at org.openqa.selenium.remote.W3CHandshakeResponse.lambda$new$0(W3CHandshakeResponse.java:57)
	at org.openqa.selenium.remote.W3CHandshakeResponse.lambda$getResponseFunction$2(W3CHandshakeResponse.java:104)
	at org.openqa.selenium.remote.ProtocolHandshake.lambda$createSession$0(ProtocolHandshake.java:122)
	at java.util.stream.ReferencePipeline$3$1.accept(Unknown Source)
	at java.util.Spliterators$ArraySpliterator.tryAdvance(Unknown Source)
	at java.util.stream.ReferencePipeline.forEachWithCancel(Unknown Source)
	at java.util.stream.AbstractPipeline.copyIntoWithCancel(Unknown Source)
	at java.util.stream.AbstractPipeline.copyInto(Unknown Source)
	at java.util.stream.AbstractPipeline.wrapAndCopyInto(Unknown Source)
	at java.util.stream.FindOps$FindOp.evaluateSequential(Unknown Source)
	at java.util.stream.AbstractPipeline.evaluate(Unknown Source)
	at java.util.stream.ReferencePipeline.findFirst(Unknown Source)
	at org.openqa.selenium.remote.ProtocolHandshake.createSession(ProtocolHandshake.java:125)
	at org.openqa.selenium.remote.ProtocolHandshake.createSession(ProtocolHandshake.java:73)
	at org.openqa.selenium.remote.HttpCommandExecutor.execute(HttpCommandExecutor.java:136)
	at org.openqa.selenium.remote.service.DriverCommandExecutor.execute(DriverCommandExecutor.java:83)
	at org.openqa.selenium.remote.RemoteWebDriver.execute(RemoteWebDriver.java:548)
	at org.openqa.selenium.remote.RemoteWebDriver.startSession(RemoteWebDriver.java:212)
	at org.openqa.selenium.remote.RemoteWebDriver.<init>(RemoteWebDriver.java:130)
	at org.openqa.selenium.chrome.ChromeDriver.<init>(ChromeDriver.java:181)
	at org.openqa.selenium.chrome.ChromeDriver.<init>(ChromeDriver.java:168)
	at org.openqa.selenium.chrome.ChromeDriver.<init>(ChromeDriver.java:123)
	at google.qa.base.TestBase.initialization(TestBase.java:47)
	at google.qa.Testcases.SearchPageTest.setUp(SearchPageTest.java:22)
	at sun.reflect.NativeMethodAccessorImpl.invoke0(Native Method)
	at sun.reflect.NativeMethodAccessorImpl.invoke(Unknown Source)
	at sun.reflect.DelegatingMethodAccessorImpl.invoke(Unknown Source)
	at java.lang.reflect.Method.invoke(Unknown Source)
	at org.testng.internal.MethodInvocationHelper.invokeMethod(MethodInvocationHelper.java:86)
	at org.testng.internal.Invoker.invokeConfigurationMethod(Invoker.java:514)
	at org.testng.internal.Invoker.invokeConfigurations(Invoker.java:215)
	at org.testng.internal.Invoker.invokeMethod(Invoker.java:589)
	at org.testng.internal.Invoker.invokeTestMethod(Invoker.java:822)
	at org.testng.internal.Invoker.invokeTestMethods(Invoker.java:1130)
	at org.testng.internal.TestMethodWorker.invokeTestMethods(TestMethodWorker.java:129)
	at org.testng.internal.TestMethodWorker.run(TestMethodWorker.java:112)
	at org.testng.TestRunner.privateRun(TestRunner.java:782)
	at org.testng.TestRunner.run(TestRunner.java:632)
	at org.testng.SuiteRunner.runTest(SuiteRunner.java:366)
	at org.testng.SuiteRunner.runSequentially(SuiteRunner.java:361)
	at org.testng.SuiteRunner.privateRun(SuiteRunner.java:319)
	at org.testng.SuiteRunner.run(SuiteRunner.java:268)
	at org.testng.SuiteRunnerWorker.runSuite(SuiteRunnerWorker.java:52)
	at org.testng.SuiteRunnerWorker.run(SuiteRunnerWorker.java:86)
	at org.testng.TestNG.runSuitesSequentially(TestNG.java:1244)
	at org.testng.TestNG.runSuitesLocally(TestNG.java:1169)
	at org.testng.TestNG.run(TestNG.java:1064)
	at org.testng.remote.RemoteTestNG.run(RemoteTestNG.java:113)
	at org.testng.remote.RemoteTestNG.initAndRun(RemoteTestNG.java:206)
	at org.testng.remote.RemoteTestNG.main(RemoteTestNG.java:177)
]]>
    </error>
  </testcase> <!-- Googlesearchwithnovalue -->
  <testcase name="GoogleLanguagelnk" time="0.001" classname="google.qa.Testcases.SearchPageTest">
    <error type="org.openqa.selenium.WebDriverException" message="unknown error: DevToolsActivePort file doesn&#039;t exist
Build info: version: &#039;3.14.0&#039;, revision: &#039;aacccce0&#039;, time: &#039;2018-08-02T20:19:58.91Z&#039;
System info: host: &#039;ADMIN-PC&#039;, ip: &#039;192.168.43.220&#039;, os.name: &#039;Windows 7&#039;, os.arch: &#039;x86&#039;, os.version: &#039;6.1&#039;, java.version: &#039;1.8.0_161&#039;
Driver info: driver.version: ChromeDriver
remote stacktrace: Backtrace:
	Ordinal0 [0x010F7C93+1473683]
	Ordinal0 [0x0107ADB1+961969]
	Ordinal0 [0x010042E3+475875]
	Ordinal0 [0x00F9EA04+59908]
	Ordinal0 [0x00F9BBD7+48087]
	Ordinal0 [0x00FB9149+168265]
	Ordinal0 [0x00FB8D1D+167197]
	Ordinal0 [0x00FB742B+160811]
	Ordinal0 [0x00FA0AE6+68326]
	Ordinal0 [0x00FA1BF0+72688]
	Ordinal0 [0x00FA1B89+72585]
	Ordinal0 [0x01094B77+1067895]
	GetHandleVerifier [0x01196875+506677]
	GetHandleVerifier [0x01196610+506064]
	GetHandleVerifier [0x0119D1B8+533624]
	GetHandleVerifier [0x0119704A+508682]
	Ordinal0 [0x0108C266+1032806]
	Ordinal0 [0x0108C0DF+1032415]
	Ordinal0 [0x01096A8B+1075851]
	Ordinal0 [0x01096BF3+1076211]
	Ordinal0 [0x01095BA5+1072037]
	BaseThreadInitThunk [0x76E01174+18]
	RtlInitializeExceptionChain [0x77BCB3F5+99]
	RtlInitializeExceptionChain [0x77BCB3C8+54]
">
      <![CDATA[org.openqa.selenium.WebDriverException: unknown error: DevToolsActivePort file doesn't exist
Build info: version: '3.14.0', revision: 'aacccce0', time: '2018-08-02T20:19:58.91Z'
System info: host: 'ADMIN-PC', ip: '192.168.43.220', os.name: 'Windows 7', os.arch: 'x86', os.version: '6.1', java.version: '1.8.0_161'
Driver info: driver.version: ChromeDriver
remote stacktrace: Backtrace:
	Ordinal0 [0x010F7C93+1473683]
	Ordinal0 [0x0107ADB1+961969]
	Ordinal0 [0x010042E3+475875]
	Ordinal0 [0x00F9EA04+59908]
	Ordinal0 [0x00F9BBD7+48087]
	Ordinal0 [0x00FB9149+168265]
	Ordinal0 [0x00FB8D1D+167197]
	Ordinal0 [0x00FB742B+160811]
	Ordinal0 [0x00FA0AE6+68326]
	Ordinal0 [0x00FA1BF0+72688]
	Ordinal0 [0x00FA1B89+72585]
	Ordinal0 [0x01094B77+1067895]
	GetHandleVerifier [0x01196875+506677]
	GetHandleVerifier [0x01196610+506064]
	GetHandleVerifier [0x0119D1B8+533624]
	GetHandleVerifier [0x0119704A+508682]
	Ordinal0 [0x0108C266+1032806]
	Ordinal0 [0x0108C0DF+1032415]
	Ordinal0 [0x01096A8B+1075851]
	Ordinal0 [0x01096BF3+1076211]
	Ordinal0 [0x01095BA5+1072037]
	BaseThreadInitThunk [0x76E01174+18]
	RtlInitializeExceptionChain [0x77BCB3F5+99]
	RtlInitializeExceptionChain [0x77BCB3C8+54]

	at sun.reflect.NativeConstructorAccessorImpl.newInstance0(Native Method)
	at sun.reflect.NativeConstructorAccessorImpl.newInstance(Unknown Source)
	at sun.reflect.DelegatingConstructorAccessorImpl.newInstance(Unknown Source)
	at java.lang.reflect.Constructor.newInstance(Unknown Source)
	at org.openqa.selenium.remote.W3CHandshakeResponse.lambda$new$0(W3CHandshakeResponse.java:57)
	at org.openqa.selenium.remote.W3CHandshakeResponse.lambda$getResponseFunction$2(W3CHandshakeResponse.java:104)
	at org.openqa.selenium.remote.ProtocolHandshake.lambda$createSession$0(ProtocolHandshake.java:122)
	at java.util.stream.ReferencePipeline$3$1.accept(Unknown Source)
	at java.util.Spliterators$ArraySpliterator.tryAdvance(Unknown Source)
	at java.util.stream.ReferencePipeline.forEachWithCancel(Unknown Source)
	at java.util.stream.AbstractPipeline.copyIntoWithCancel(Unknown Source)
	at java.util.stream.AbstractPipeline.copyInto(Unknown Source)
	at java.util.stream.AbstractPipeline.wrapAndCopyInto(Unknown Source)
	at java.util.stream.FindOps$FindOp.evaluateSequential(Unknown Source)
	at java.util.stream.AbstractPipeline.evaluate(Unknown Source)
	at java.util.stream.ReferencePipeline.findFirst(Unknown Source)
	at org.openqa.selenium.remote.ProtocolHandshake.createSession(ProtocolHandshake.java:125)
	at org.openqa.selenium.remote.ProtocolHandshake.createSession(ProtocolHandshake.java:73)
	at org.openqa.selenium.remote.HttpCommandExecutor.execute(HttpCommandExecutor.java:136)
	at org.openqa.selenium.remote.service.DriverCommandExecutor.execute(DriverCommandExecutor.java:83)
	at org.openqa.selenium.remote.RemoteWebDriver.execute(RemoteWebDriver.java:548)
	at org.openqa.selenium.remote.RemoteWebDriver.startSession(RemoteWebDriver.java:212)
	at org.openqa.selenium.remote.RemoteWebDriver.<init>(RemoteWebDriver.java:130)
	at org.openqa.selenium.chrome.ChromeDriver.<init>(ChromeDriver.java:181)
	at org.openqa.selenium.chrome.ChromeDriver.<init>(ChromeDriver.java:168)
	at org.openqa.selenium.chrome.ChromeDriver.<init>(ChromeDriver.java:123)
	at google.qa.base.TestBase.initialization(TestBase.java:47)
	at google.qa.Testcases.SearchPageTest.setUp(SearchPageTest.java:22)
	at sun.reflect.NativeMethodAccessorImpl.invoke0(Native Method)
	at sun.reflect.NativeMethodAccessorImpl.invoke(Unknown Source)
	at sun.reflect.DelegatingMethodAccessorImpl.invoke(Unknown Source)
	at java.lang.reflect.Method.invoke(Unknown Source)
	at org.testng.internal.MethodInvocationHelper.invokeMethod(MethodInvocationHelper.java:86)
	at org.testng.internal.Invoker.invokeConfigurationMethod(Invoker.java:514)
	at org.testng.internal.Invoker.invokeConfigurations(Invoker.java:215)
	at org.testng.internal.Invoker.invokeMethod(Invoker.java:589)
	at org.testng.internal.Invoker.invokeTestMethod(Invoker.java:822)
	at org.testng.internal.Invoker.invokeTestMethods(Invoker.java:1130)
	at org.testng.internal.TestMethodWorker.invokeTestMethods(TestMethodWorker.java:129)
	at org.testng.internal.TestMethodWorker.run(TestMethodWorker.java:112)
	at org.testng.TestRunner.privateRun(TestRunner.java:782)
	at org.testng.TestRunner.run(TestRunner.java:632)
	at org.testng.SuiteRunner.runTest(SuiteRunner.java:366)
	at org.testng.SuiteRunner.runSequentially(SuiteRunner.java:361)
	at org.testng.SuiteRunner.privateRun(SuiteRunner.java:319)
	at org.testng.SuiteRunner.run(SuiteRunner.java:268)
	at org.testng.SuiteRunnerWorker.runSuite(SuiteRunnerWorker.java:52)
	at org.testng.SuiteRunnerWorker.run(SuiteRunnerWorker.java:86)
	at org.testng.TestNG.runSuitesSequentially(TestNG.java:1244)
	at org.testng.TestNG.runSuitesLocally(TestNG.java:1169)
	at org.testng.TestNG.run(TestNG.java:1064)
	at org.testng.remote.RemoteTestNG.run(RemoteTestNG.java:113)
	at org.testng.remote.RemoteTestNG.initAndRun(RemoteTestNG.java:206)
	at org.testng.remote.RemoteTestNG.main(RemoteTestNG.java:177)
]]>
    </error>
  </testcase> <!-- GoogleLanguagelnk -->
  <testcase name="GoogleLogoImageTest" time="0.000" classname="google.qa.Testcases.SearchPageTest">
    <error type="org.openqa.selenium.WebDriverException" message="unknown error: DevToolsActivePort file doesn&#039;t exist
Build info: version: &#039;3.14.0&#039;, revision: &#039;aacccce0&#039;, time: &#039;2018-08-02T20:19:58.91Z&#039;
System info: host: &#039;ADMIN-PC&#039;, ip: &#039;192.168.43.220&#039;, os.name: &#039;Windows 7&#039;, os.arch: &#039;x86&#039;, os.version: &#039;6.1&#039;, java.version: &#039;1.8.0_161&#039;
Driver info: driver.version: ChromeDriver
remote stacktrace: Backtrace:
	Ordinal0 [0x010F7C93+1473683]
	Ordinal0 [0x0107ADB1+961969]
	Ordinal0 [0x010042E3+475875]
	Ordinal0 [0x00F9EA04+59908]
	Ordinal0 [0x00F9BBD7+48087]
	Ordinal0 [0x00FB9149+168265]
	Ordinal0 [0x00FB8D1D+167197]
	Ordinal0 [0x00FB742B+160811]
	Ordinal0 [0x00FA0AE6+68326]
	Ordinal0 [0x00FA1BF0+72688]
	Ordinal0 [0x00FA1B89+72585]
	Ordinal0 [0x01094B77+1067895]
	GetHandleVerifier [0x01196875+506677]
	GetHandleVerifier [0x01196610+506064]
	GetHandleVerifier [0x0119D1B8+533624]
	GetHandleVerifier [0x0119704A+508682]
	Ordinal0 [0x0108C266+1032806]
	Ordinal0 [0x0108C0DF+1032415]
	Ordinal0 [0x01096A8B+1075851]
	Ordinal0 [0x01096BF3+1076211]
	Ordinal0 [0x01095BA5+1072037]
	BaseThreadInitThunk [0x76E01174+18]
	RtlInitializeExceptionChain [0x77BCB3F5+99]
	RtlInitializeExceptionChain [0x77BCB3C8+54]
">
      <![CDATA[org.openqa.selenium.WebDriverException: unknown error: DevToolsActivePort file doesn't exist
Build info: version: '3.14.0', revision: 'aacccce0', time: '2018-08-02T20:19:58.91Z'
System info: host: 'ADMIN-PC', ip: '192.168.43.220', os.name: 'Windows 7', os.arch: 'x86', os.version: '6.1', java.version: '1.8.0_161'
Driver info: driver.version: ChromeDriver
remote stacktrace: Backtrace:
	Ordinal0 [0x010F7C93+1473683]
	Ordinal0 [0x0107ADB1+961969]
	Ordinal0 [0x010042E3+475875]
	Ordinal0 [0x00F9EA04+59908]
	Ordinal0 [0x00F9BBD7+48087]
	Ordinal0 [0x00FB9149+168265]
	Ordinal0 [0x00FB8D1D+167197]
	Ordinal0 [0x00FB742B+160811]
	Ordinal0 [0x00FA0AE6+68326]
	Ordinal0 [0x00FA1BF0+72688]
	Ordinal0 [0x00FA1B89+72585]
	Ordinal0 [0x01094B77+1067895]
	GetHandleVerifier [0x01196875+506677]
	GetHandleVerifier [0x01196610+506064]
	GetHandleVerifier [0x0119D1B8+533624]
	GetHandleVerifier [0x0119704A+508682]
	Ordinal0 [0x0108C266+1032806]
	Ordinal0 [0x0108C0DF+1032415]
	Ordinal0 [0x01096A8B+1075851]
	Ordinal0 [0x01096BF3+1076211]
	Ordinal0 [0x01095BA5+1072037]
	BaseThreadInitThunk [0x76E01174+18]
	RtlInitializeExceptionChain [0x77BCB3F5+99]
	RtlInitializeExceptionChain [0x77BCB3C8+54]

	at sun.reflect.NativeConstructorAccessorImpl.newInstance0(Native Method)
	at sun.reflect.NativeConstructorAccessorImpl.newInstance(Unknown Source)
	at sun.reflect.DelegatingConstructorAccessorImpl.newInstance(Unknown Source)
	at java.lang.reflect.Constructor.newInstance(Unknown Source)
	at org.openqa.selenium.remote.W3CHandshakeResponse.lambda$new$0(W3CHandshakeResponse.java:57)
	at org.openqa.selenium.remote.W3CHandshakeResponse.lambda$getResponseFunction$2(W3CHandshakeResponse.java:104)
	at org.openqa.selenium.remote.ProtocolHandshake.lambda$createSession$0(ProtocolHandshake.java:122)
	at java.util.stream.ReferencePipeline$3$1.accept(Unknown Source)
	at java.util.Spliterators$ArraySpliterator.tryAdvance(Unknown Source)
	at java.util.stream.ReferencePipeline.forEachWithCancel(Unknown Source)
	at java.util.stream.AbstractPipeline.copyIntoWithCancel(Unknown Source)
	at java.util.stream.AbstractPipeline.copyInto(Unknown Source)
	at java.util.stream.AbstractPipeline.wrapAndCopyInto(Unknown Source)
	at java.util.stream.FindOps$FindOp.evaluateSequential(Unknown Source)
	at java.util.stream.AbstractPipeline.evaluate(Unknown Source)
	at java.util.stream.ReferencePipeline.findFirst(Unknown Source)
	at org.openqa.selenium.remote.ProtocolHandshake.createSession(ProtocolHandshake.java:125)
	at org.openqa.selenium.remote.ProtocolHandshake.createSession(ProtocolHandshake.java:73)
	at org.openqa.selenium.remote.HttpCommandExecutor.execute(HttpCommandExecutor.java:136)
	at org.openqa.selenium.remote.service.DriverCommandExecutor.execute(DriverCommandExecutor.java:83)
	at org.openqa.selenium.remote.RemoteWebDriver.execute(RemoteWebDriver.java:548)
	at org.openqa.selenium.remote.RemoteWebDriver.startSession(RemoteWebDriver.java:212)
	at org.openqa.selenium.remote.RemoteWebDriver.<init>(RemoteWebDriver.java:130)
	at org.openqa.selenium.chrome.ChromeDriver.<init>(ChromeDriver.java:181)
	at org.openqa.selenium.chrome.ChromeDriver.<init>(ChromeDriver.java:168)
	at org.openqa.selenium.chrome.ChromeDriver.<init>(ChromeDriver.java:123)
	at google.qa.base.TestBase.initialization(TestBase.java:47)
	at google.qa.Testcases.SearchPageTest.setUp(SearchPageTest.java:22)
	at sun.reflect.NativeMethodAccessorImpl.invoke0(Native Method)
	at sun.reflect.NativeMethodAccessorImpl.invoke(Unknown Source)
	at sun.reflect.DelegatingMethodAccessorImpl.invoke(Unknown Source)
	at java.lang.reflect.Method.invoke(Unknown Source)
	at org.testng.internal.MethodInvocationHelper.invokeMethod(MethodInvocationHelper.java:86)
	at org.testng.internal.Invoker.invokeConfigurationMethod(Invoker.java:514)
	at org.testng.internal.Invoker.invokeConfigurations(Invoker.java:215)
	at org.testng.internal.Invoker.invokeMethod(Invoker.java:589)
	at org.testng.internal.Invoker.invokeTestMethod(Invoker.java:822)
	at org.testng.internal.Invoker.invokeTestMethods(Invoker.java:1130)
	at org.testng.internal.TestMethodWorker.invokeTestMethods(TestMethodWorker.java:129)
	at org.testng.internal.TestMethodWorker.run(TestMethodWorker.java:112)
	at org.testng.TestRunner.privateRun(TestRunner.java:782)
	at org.testng.TestRunner.run(TestRunner.java:632)
	at org.testng.SuiteRunner.runTest(SuiteRunner.java:366)
	at org.testng.SuiteRunner.runSequentially(SuiteRunner.java:361)
	at org.testng.SuiteRunner.privateRun(SuiteRunner.java:319)
	at org.testng.SuiteRunner.run(SuiteRunner.java:268)
	at org.testng.SuiteRunnerWorker.runSuite(SuiteRunnerWorker.java:52)
	at org.testng.SuiteRunnerWorker.run(SuiteRunnerWorker.java:86)
	at org.testng.TestNG.runSuitesSequentially(TestNG.java:1244)
	at org.testng.TestNG.runSuitesLocally(TestNG.java:1169)
	at org.testng.TestNG.run(TestNG.java:1064)
	at org.testng.remote.RemoteTestNG.run(RemoteTestNG.java:113)
	at org.testng.remote.RemoteTestNG.initAndRun(RemoteTestNG.java:206)
	at org.testng.remote.RemoteTestNG.main(RemoteTestNG.java:177)
]]>
    </error>
  </testcase> <!-- GoogleLogoImageTest -->
</testsuite> <!-- google.qa.Testcases.SearchPageTest -->
